#
# There is insufficient memory for the Java Runtime Environment to continue.
# Native memory allocation (malloc) failed to allocate 723536 bytes for Chunk::new
# Possible reasons:
#   The system is out of physical RAM or swap space
#   The process is running with CompressedOops enabled, and the Java Heap may be blocking the growth of the native heap
# Possible solutions:
#   Reduce memory load on the system
#   Increase physical memory or swap space
#   Check if swap backing store is full
#   Decrease Java heap size (-Xmx/-Xms)
#   Decrease number of Java threads
#   Decrease Java thread stack sizes (-Xss)
#   Set larger code cache with -XX:ReservedCodeCacheSize=
#   JVM is running with Unscaled Compressed Oops mode in which the Java heap is
#     placed in the first 4GB address space. The Java Heap base address is the
#     maximum limit for the native heap growth. Please use -XX:HeapBaseMinAddress
#     to set the Java Heap base and to place the Java Heap above 4GB virtual address.
# This output file may be truncated or incomplete.
#
#  Out of Memory Error (allocation.cpp:389), pid=11412, tid=0x0000000000003db4
#
# JRE version: Java(TM) SE Runtime Environment (8.0_291-b10) (build 1.8.0_291-b10)
# Java VM: Java HotSpot(TM) 64-Bit Server VM (25.291-b10 mixed mode windows-amd64 compressed oops)
# Failed to write core dump. Minidumps are not enabled by default on client versions of Windows
#

---------------  T H R E A D  ---------------

Current thread (0x000002576efcb000):  JavaThread "C2 CompilerThread0" daemon [_thread_in_native, id=15796, stack(0x000000fd2b400000,0x000000fd2b500000)]

Stack: [0x000000fd2b400000,0x000000fd2b500000]
Native frames: (J=compiled Java code, j=interpreted, Vv=VM code, C=native code)
V  [jvm.dll+0x32ea19]
V  [jvm.dll+0x275462]
V  [jvm.dll+0x27610d]
V  [jvm.dll+0x26cb45]
V  [jvm.dll+0xd524c]
V  [jvm.dll+0xd5a4c]
V  [jvm.dll+0x452872]
V  [jvm.dll+0x48dcdd]
V  [jvm.dll+0x442871]
V  [jvm.dll+0x43fae4]
V  [jvm.dll+0x42aa57]
V  [jvm.dll+0xabeeb]
V  [jvm.dll+0xaa54b]
V  [jvm.dll+0x23db02]
V  [jvm.dll+0x29210c]
C  [ucrtbase.dll+0x21bb2]
C  [KERNEL32.DLL+0x17034]
C  [ntdll.dll+0x52651]


Current CompileTask:
C2:   3486 2749       4       org.objectweb.asm.Frame::execute (2318 bytes)


---------------  P R O C E S S  ---------------

Java Threads: ( => current thread )
  0x0000025775453000 JavaThread "Cache worker for file content cache (C:\Users\cwm02\.gradle\caches\6.7.1\fileContent)" [_thread_blocked, id=8556, stack(0x000000fd2e300000,0x000000fd2e400000)]
  0x0000025772472000 JavaThread "Cache worker for execution history cache (C:\Users\cwm02\.gradle\caches\6.7.1\executionHistory)" [_thread_blocked, id=15040, stack(0x000000fd2e200000,0x000000fd2e300000)]
  0x0000025772471000 JavaThread "Cache worker for cache directory md-rule (C:\Users\cwm02\.gradle\caches\6.7.1\md-rule)" [_thread_blocked, id=18316, stack(0x000000fd2e100000,0x000000fd2e200000)]
  0x0000025772472800 JavaThread "Cache worker for cache directory md-supplier (C:\Users\cwm02\.gradle\caches\6.7.1\md-supplier)" [_thread_blocked, id=21128, stack(0x000000fd2e000000,0x000000fd2e100000)]
  0x0000025772473800 JavaThread "Cache worker for checksums cache (D:\androidstudioproject\minegithub\android_repo\shortcuts\.gradle\checksums)" [_thread_blocked, id=2140, stack(0x000000fd2df00000,0x000000fd2e000000)]
  0x0000025772470800 JavaThread "jar transforms Thread 21" [_thread_blocked, id=19204, stack(0x000000fd2de00000,0x000000fd2df00000)]
  0x0000025772469000 JavaThread "jar transforms Thread 20" [_thread_blocked, id=5960, stack(0x000000fd2dd00000,0x000000fd2de00000)]
  0x000002577246f800 JavaThread "jar transforms Thread 19" [_thread_blocked, id=11916, stack(0x000000fd2dc00000,0x000000fd2dd00000)]
  0x000002577246f000 JavaThread "jar transforms Thread 18" [_thread_blocked, id=14744, stack(0x000000fd2db00000,0x000000fd2dc00000)]
  0x0000025772467800 JavaThread "jar transforms Thread 17" [_thread_blocked, id=16932, stack(0x000000fd2da00000,0x000000fd2db00000)]
  0x000002577246e000 JavaThread "jar transforms Thread 16" [_thread_blocked, id=20516, stack(0x000000fd2d900000,0x000000fd2da00000)]
  0x0000025772466800 JavaThread "jar transforms Thread 15" [_thread_blocked, id=10020, stack(0x000000fd2d800000,0x000000fd2d900000)]
  0x000002577246d800 JavaThread "jar transforms Thread 14" [_thread_blocked, id=7992, stack(0x000000fd2d700000,0x000000fd2d800000)]
  0x000002577246c000 JavaThread "jar transforms Thread 13" [_thread_blocked, id=21096, stack(0x000000fd2d600000,0x000000fd2d700000)]
  0x000002577246a800 JavaThread "jar transforms Thread 12" [_thread_blocked, id=11724, stack(0x000000fd2d500000,0x000000fd2d600000)]
  0x0000025772468000 JavaThread "jar transforms Thread 11" [_thread_blocked, id=10148, stack(0x000000fd2d400000,0x000000fd2d500000)]
  0x000002577246b000 JavaThread "jar transforms Thread 10" [_thread_blocked, id=14776, stack(0x000000fd2d300000,0x000000fd2d400000)]
  0x0000025772466000 JavaThread "jar transforms Thread 9" [_thread_blocked, id=20816, stack(0x000000fd2d200000,0x000000fd2d300000)]
  0x000002577246c800 JavaThread "jar transforms Thread 8" [_thread_blocked, id=3952, stack(0x000000fd2d100000,0x000000fd2d200000)]
  0x0000025772464800 JavaThread "jar transforms Thread 7" [_thread_blocked, id=13612, stack(0x000000fd2d000000,0x000000fd2d100000)]
  0x0000025772469800 JavaThread "jar transforms Thread 6" [_thread_blocked, id=17324, stack(0x000000fd2cf00000,0x000000fd2d000000)]
  0x0000025772465000 JavaThread "jar transforms Thread 5" [_thread_blocked, id=15156, stack(0x000000fd2ce00000,0x000000fd2cf00000)]
  0x000002576efdb800 JavaThread "jar transforms Thread 4" [_thread_blocked, id=14460, stack(0x000000fd2cd00000,0x000000fd2ce00000)]
  0x000002576efda800 JavaThread "jar transforms Thread 3" [_thread_blocked, id=932, stack(0x000000fd2cc00000,0x000000fd2cd00000)]
  0x000002576efda000 JavaThread "jar transforms Thread 2" [_thread_blocked, id=4176, stack(0x000000fd2cb00000,0x000000fd2cc00000)]
  0x000002576efd9000 JavaThread "jar transforms" [_thread_blocked, id=12000, stack(0x000000fd2ca00000,0x000000fd2cb00000)]
  0x000002576efd8800 JavaThread "Cache worker for file hash cache (D:\androidstudioproject\minegithub\android_repo\shortcuts\.gradle\6.7.1\fileHashes)" [_thread_blocked, id=9272, stack(0x000000fd2c900000,0x000000fd2ca00000)]
  0x000002576efdf000 JavaThread "Cache worker for journal cache (C:\Users\cwm02\.gradle\caches\journal-1)" [_thread_blocked, id=3404, stack(0x000000fd2c800000,0x000000fd2c900000)]
  0x000002576efde800 JavaThread "File lock request listener" [_thread_in_native, id=11336, stack(0x000000fd2c700000,0x000000fd2c800000)]
  0x000002576efdd000 JavaThread "Cache worker for file hash cache (C:\Users\cwm02\.gradle\caches\6.7.1\fileHashes)" [_thread_blocked, id=10624, stack(0x000000fd2c600000,0x000000fd2c700000)]
  0x000002577313a000 JavaThread "Thread-9" [_thread_blocked, id=3712, stack(0x000000fd2c500000,0x000000fd2c600000)]
  0x00000257730ca000 JavaThread "Stdin handler" [_thread_blocked, id=19212, stack(0x000000fd2c400000,0x000000fd2c500000)]
  0x00000257730c9800 JavaThread "Asynchronous log dispatcher for DefaultDaemonConnection: socket connection from /127.0.0.1:58333 to /127.0.0.1:58334" [_thread_blocked, id=21140, stack(0x000000fd2c300000,0x000000fd2c400000)]
  0x0000025773062800 JavaThread "Daemon worker" [_thread_in_vm, id=8024, stack(0x000000fd2c200000,0x000000fd2c300000)]
  0x0000025773060000 JavaThread "Cancel handler" [_thread_blocked, id=17616, stack(0x000000fd2c100000,0x000000fd2c200000)]
  0x0000025772fdc800 JavaThread "Handler for socket connection from /127.0.0.1:58333 to /127.0.0.1:58334" [_thread_in_native, id=11392, stack(0x000000fd2c000000,0x000000fd2c100000)]
  0x0000025772fdb800 JavaThread "Daemon" [_thread_blocked, id=19772, stack(0x000000fd2bf00000,0x000000fd2c000000)]
  0x0000025772f49800 JavaThread "Daemon periodic checks" [_thread_blocked, id=6932, stack(0x000000fd2be00000,0x000000fd2bf00000)]
  0x0000025772f47800 JavaThread "Incoming local TCP Connector on port 58333" [_thread_in_native, id=13472, stack(0x000000fd2bd00000,0x000000fd2be00000)]
  0x0000025772ed8000 JavaThread "Daemon health stats" [_thread_blocked, id=21092, stack(0x000000fd2ba00000,0x000000fd2bb00000)]
  0x000002576efee800 JavaThread "Service Thread" daemon [_thread_blocked, id=19920, stack(0x000000fd2b800000,0x000000fd2b900000)]
  0x000002576efdc000 JavaThread "C1 CompilerThread3" daemon [_thread_in_native, id=7640, stack(0x000000fd2b700000,0x000000fd2b800000)]
  0x000002576efd3800 JavaThread "C2 CompilerThread2" daemon [_thread_in_native, id=20888, stack(0x000000fd2b600000,0x000000fd2b700000)]
  0x000002576efcc800 JavaThread "C2 CompilerThread1" daemon [_thread_in_native, id=17436, stack(0x000000fd2b500000,0x000000fd2b600000)]
=>0x000002576efcb000 JavaThread "C2 CompilerThread0" daemon [_thread_in_native, id=15796, stack(0x000000fd2b400000,0x000000fd2b500000)]
  0x00000257713c3800 JavaThread "Attach Listener" daemon [_thread_blocked, id=7172, stack(0x000000fd2b300000,0x000000fd2b400000)]
  0x000002576efb7000 JavaThread "Signal Dispatcher" daemon [_thread_blocked, id=21492, stack(0x000000fd2b200000,0x000000fd2b300000)]
  0x000002576ef89000 JavaThread "Finalizer" daemon [_thread_blocked, id=11536, stack(0x000000fd2b100000,0x000000fd2b200000)]
  0x000002576ef82000 JavaThread "Reference Handler" daemon [_thread_blocked, id=7976, stack(0x000000fd2b000000,0x000000fd2b100000)]
  0x0000025758d12000 JavaThread "main" [_thread_blocked, id=12676, stack(0x000000fd2a400000,0x000000fd2a500000)]

Other Threads:
  0x000002576ef5a000 VMThread [stack: 0x000000fd2af00000,0x000000fd2b000000] [id=21088]
  0x0000025771456800 WatcherThread [stack: 0x000000fd2b900000,0x000000fd2ba00000] [id=2236]

VM state:not at safepoint (normal execution)

VM Mutex/Monitor currently owned by a thread: None

OutOfMemory and StackOverflow Exception counts:
OutOfMemoryError java_heap_errors=5

heap address: 0x0000000080000000, size: 2048 MB, Compressed Oops mode: 32-bit
Narrow klass base: 0x0000000000000000, Narrow klass shift: 3
Compressed class space size: 1073741824 Address: 0x0000000100000000

Heap:
 PSYoungGen      total 119808K, used 30666K [0x00000000d5580000, 0x00000000dd900000, 0x0000000100000000)
  eden space 107008K, 18% used [0x00000000d5580000,0x00000000d6911870,0x00000000dbe00000)
  from space 12800K, 83% used [0x00000000dcb80000,0x00000000dd5e12b0,0x00000000dd800000)
  to   space 13824K, 0% used [0x00000000dbe00000,0x00000000dbe00000,0x00000000dcb80000)
 ParOldGen       total 95744K, used 8178K [0x0000000080000000, 0x0000000085d80000, 0x00000000d5580000)
  object space 95744K, 8% used [0x0000000080000000,0x00000000807fc9e8,0x0000000085d80000)
 Metaspace       used 33668K, capacity 34996K, committed 35328K, reserved 1079296K
  class space    used 4753K, capacity 5049K, committed 5120K, reserved 1048576K

Card table byte_map: [0x0000025769a30000,0x0000025769e40000] byte_map_base: 0x0000025769630000

Marking Bits: (ParMarkBitMap*) 0x0000000074837fe0
 Begin Bits: [0x000002576a0f0000, 0x000002576c0f0000)
 End Bits:   [0x000002576c0f0000, 0x000002576e0f0000)

Polling page: 0x0000025758cd0000

CodeCache: size=245760Kb used=10418Kb max_used=10418Kb free=235341Kb
 bounds [0x000002575a670000, 0x000002575b0b0000, 0x0000025769670000]
 total_blobs=3486 nmethods=2800 adapters=599
 compilation: enabled

Compilation events (10 events):
Event: 3.461 Thread 0x000002576efdc000 2787       3       org.codehaus.groovy.util.ComplexKeyHashMap$1::nextEntry (69 bytes)
Event: 3.461 Thread 0x000002576efdc000 nmethod 2787 0x000002575b099c50 code [0x000002575b099de0, 0x000002575b09a170]
Event: 3.461 Thread 0x000002576efdc000 2786       3       java.beans.PropertyDescriptor::getPropertyType0 (22 bytes)
Event: 3.462 Thread 0x000002576efdc000 nmethod 2786 0x000002575b09a390 code [0x000002575b09a500, 0x000002575b09a870]
Event: 3.462 Thread 0x000002576efdc000 2788       3       org.codehaus.groovy.reflection.CachedClass::getMethods (11 bytes)
Event: 3.462 Thread 0x000002576efdc000 nmethod 2788 0x000002575b09a950 code [0x000002575b09aac0, 0x000002575b09add0]
Event: 3.462 Thread 0x000002576efdc000 2789       3       org.codehaus.groovy.util.ComplexKeyHashMap$1::next (5 bytes)
Event: 3.462 Thread 0x000002576efdc000 nmethod 2789 0x000002575b09aed0 code [0x000002575b09b040, 0x000002575b09b1d0]
Event: 3.464 Thread 0x000002576efdc000 2790       3       java.util.Arrays::sort (24 bytes)
Event: 3.464 Thread 0x000002576efdc000 nmethod 2790 0x000002575b09b290 code [0x000002575b09b400, 0x000002575b09b610]

GC Heap History (10 events):
Event: 2.251 GC heap before
{Heap before GC invocations=3 (full 0):
 PSYoungGen      total 76288K, used 75102K [0x00000000d5580000, 0x00000000daa80000, 0x0000000100000000)
  eden space 65536K, 100% used [0x00000000d5580000,0x00000000d9580000,0x00000000d9580000)
  from space 10752K, 88% used [0x00000000da000000,0x00000000da957998,0x00000000daa80000)
  to   space 10752K, 0% used [0x00000000d9580000,0x00000000d9580000,0x00000000da000000)
 ParOldGen       total 175104K, used 24K [0x0000000080000000, 0x000000008ab00000, 0x00000000d5580000)
  object space 175104K, 0% used [0x0000000080000000,0x0000000080006000,0x000000008ab00000)
 Metaspace       used 19279K, capacity 20004K, committed 20224K, reserved 1067008K
  class space    used 2794K, capacity 2998K, committed 3072K, reserved 1048576K
Event: 2.259 GC heap after
Heap after GC invocations=3 (full 0):
 PSYoungGen      total 76288K, used 10738K [0x00000000d5580000, 0x00000000daa80000, 0x0000000100000000)
  eden space 65536K, 0% used [0x00000000d5580000,0x00000000d5580000,0x00000000d9580000)
  from space 10752K, 99% used [0x00000000d9580000,0x00000000d9ffcb88,0x00000000da000000)
  to   space 10752K, 0% used [0x00000000da000000,0x00000000da000000,0x00000000daa80000)
 ParOldGen       total 175104K, used 1020K [0x0000000080000000, 0x000000008ab00000, 0x00000000d5580000)
  object space 175104K, 0% used [0x0000000080000000,0x00000000800ff180,0x000000008ab00000)
 Metaspace       used 19279K, capacity 20004K, committed 20224K, reserved 1067008K
  class space    used 2794K, capacity 2998K, committed 3072K, reserved 1048576K
}
Event: 2.344 GC heap before
{Heap before GC invocations=4 (full 0):
 PSYoungGen      total 76288K, used 23922K [0x00000000d5580000, 0x00000000daa80000, 0x0000000100000000)
  eden space 65536K, 20% used [0x00000000d5580000,0x00000000d625fe20,0x00000000d9580000)
  from space 10752K, 99% used [0x00000000d9580000,0x00000000d9ffcb88,0x00000000da000000)
  to   space 10752K, 0% used [0x00000000da000000,0x00000000da000000,0x00000000daa80000)
 ParOldGen       total 175104K, used 1020K [0x0000000080000000, 0x000000008ab00000, 0x00000000d5580000)
  object space 175104K, 0% used [0x0000000080000000,0x00000000800ff180,0x000000008ab00000)
 Metaspace       used 20302K, capacity 21078K, committed 21248K, reserved 1067008K
  class space    used 2968K, capacity 3201K, committed 3328K, reserved 1048576K
Event: 2.349 GC heap after
Heap after GC invocations=4 (full 0):
 PSYoungGen      total 76288K, used 8414K [0x00000000d5580000, 0x00000000daa80000, 0x0000000100000000)
  eden space 65536K, 0% used [0x00000000d5580000,0x00000000d5580000,0x00000000d9580000)
  from space 10752K, 78% used [0x00000000da000000,0x00000000da8378d0,0x00000000daa80000)
  to   space 10752K, 0% used [0x00000000d9580000,0x00000000d9580000,0x00000000da000000)
 ParOldGen       total 175104K, used 1028K [0x0000000080000000, 0x000000008ab00000, 0x00000000d5580000)
  object space 175104K, 0% used [0x0000000080000000,0x0000000080101180,0x000000008ab00000)
 Metaspace       used 20302K, capacity 21078K, committed 21248K, reserved 1067008K
  class space    used 2968K, capacity 3201K, committed 3328K, reserved 1048576K
}
Event: 2.349 GC heap before
{Heap before GC invocations=5 (full 1):
 PSYoungGen      total 76288K, used 8414K [0x00000000d5580000, 0x00000000daa80000, 0x0000000100000000)
  eden space 65536K, 0% used [0x00000000d5580000,0x00000000d5580000,0x00000000d9580000)
  from space 10752K, 78% used [0x00000000da000000,0x00000000da8378d0,0x00000000daa80000)
  to   space 10752K, 0% used [0x00000000d9580000,0x00000000d9580000,0x00000000da000000)
 ParOldGen       total 175104K, used 1028K [0x0000000080000000, 0x000000008ab00000, 0x00000000d5580000)
  object space 175104K, 0% used [0x0000000080000000,0x0000000080101180,0x000000008ab00000)
 Metaspace       used 20302K, capacity 21078K, committed 21248K, reserved 1067008K
  class space    used 2968K, capacity 3201K, committed 3328K, reserved 1048576K
Event: 2.370 GC heap after
Heap after GC invocations=5 (full 1):
 PSYoungGen      total 76288K, used 0K [0x00000000d5580000, 0x00000000daa80000, 0x0000000100000000)
  eden space 65536K, 0% used [0x00000000d5580000,0x00000000d5580000,0x00000000d9580000)
  from space 10752K, 0% used [0x00000000da000000,0x00000000da000000,0x00000000daa80000)
  to   space 10752K, 0% used [0x00000000d9580000,0x00000000d9580000,0x00000000da000000)
 ParOldGen       total 95744K, used 8162K [0x0000000080000000, 0x0000000085d80000, 0x00000000d5580000)
  object space 95744K, 8% used [0x0000000080000000,0x00000000807f89e8,0x0000000085d80000)
 Metaspace       used 20302K, capacity 21078K, committed 21248K, reserved 1067008K
  class space    used 2968K, capacity 3201K, committed 3328K, reserved 1048576K
}
Event: 2.780 GC heap before
{Heap before GC invocations=6 (full 1):
 PSYoungGen      total 76288K, used 65536K [0x00000000d5580000, 0x00000000daa80000, 0x0000000100000000)
  eden space 65536K, 100% used [0x00000000d5580000,0x00000000d9580000,0x00000000d9580000)
  from space 10752K, 0% used [0x00000000da000000,0x00000000da000000,0x00000000daa80000)
  to   space 10752K, 0% used [0x00000000d9580000,0x00000000d9580000,0x00000000da000000)
 ParOldGen       total 95744K, used 8162K [0x0000000080000000, 0x0000000085d80000, 0x00000000d5580000)
  object space 95744K, 8% used [0x0000000080000000,0x00000000807f89e8,0x0000000085d80000)
 Metaspace       used 24050K, capacity 25132K, committed 25472K, reserved 1071104K
  class space    used 3600K, capacity 3880K, committed 3968K, reserved 1048576K
Event: 2.783 GC heap after
Heap after GC invocations=6 (full 1):
 PSYoungGen      total 76288K, used 5773K [0x00000000d5580000, 0x00000000dd800000, 0x0000000100000000)
  eden space 65536K, 0% used [0x00000000d5580000,0x00000000d5580000,0x00000000d9580000)
  from space 10752K, 53% used [0x00000000d9580000,0x00000000d9b23400,0x00000000da000000)
  to   space 12800K, 0% used [0x00000000dcb80000,0x00000000dcb80000,0x00000000dd800000)
 ParOldGen       total 95744K, used 8170K [0x0000000080000000, 0x0000000085d80000, 0x00000000d5580000)
  object space 95744K, 8% used [0x0000000080000000,0x00000000807fa9e8,0x0000000085d80000)
 Metaspace       used 24050K, capacity 25132K, committed 25472K, reserved 1071104K
  class space    used 3600K, capacity 3880K, committed 3968K, reserved 1048576K
}
Event: 3.352 GC heap before
{Heap before GC invocations=7 (full 1):
 PSYoungGen      total 76288K, used 71309K [0x00000000d5580000, 0x00000000dd800000, 0x0000000100000000)
  eden space 65536K, 100% used [0x00000000d5580000,0x00000000d9580000,0x00000000d9580000)
  from space 10752K, 53% used [0x00000000d9580000,0x00000000d9b23400,0x00000000da000000)
  to   space 12800K, 0% used [0x00000000dcb80000,0x00000000dcb80000,0x00000000dd800000)
 ParOldGen       total 95744K, used 8170K [0x0000000080000000, 0x0000000085d80000, 0x00000000d5580000)
  object space 95744K, 8% used [0x0000000080000000,0x00000000807fa9e8,0x0000000085d80000)
 Metaspace       used 32648K, capacity 33886K, committed 34176K, reserved 1079296K
  class space    used 4596K, capacity 4902K, committed 4992K, reserved 1048576K
Event: 3.359 GC heap after
Heap after GC invocations=7 (full 1):
 PSYoungGen      total 119808K, used 10628K [0x00000000d5580000, 0x00000000dd900000, 0x0000000100000000)
  eden space 107008K, 0% used [0x00000000d5580000,0x00000000d5580000,0x00000000dbe00000)
  from space 12800K, 83% used [0x00000000dcb80000,0x00000000dd5e12b0,0x00000000dd800000)
  to   space 13824K, 0% used [0x00000000dbe00000,0x00000000dbe00000,0x00000000dcb80000)
 ParOldGen       total 95744K, used 8178K [0x0000000080000000, 0x0000000085d80000, 0x00000000d5580000)
  object space 95744K, 8% used [0x0000000080000000,0x00000000807fc9e8,0x0000000085d80000)
 Metaspace       used 32648K, capacity 33886K, committed 34176K, reserved 1079296K
  class space    used 4596K, capacity 4902K, committed 4992K, reserved 1048576K
}

Deoptimization events (10 events):
Event: 2.553 Thread 0x0000025773062800 Uncommon trap: reason=unstable_if action=reinterpret pc=0x000002575a9566a8 method=java.util.HashMap.hash(Ljava/lang/Object;)I @ 1
Event: 2.635 Thread 0x0000025773062800 Uncommon trap: reason=unstable_if action=reinterpret pc=0x000002575a97cfa0 method=java.io.WinNTFileSystem.resolve(Ljava/lang/String;Ljava/lang/String;)Ljava/lang/String; @ 49
Event: 2.871 Thread 0x0000025772470800 Uncommon trap: reason=unstable_if action=reinterpret pc=0x000002575aa926ac method=java.lang.String.regionMatches(ZILjava/lang/String;II)Z @ 123
Event: 2.871 Thread 0x0000025772470800 Uncommon trap: reason=unstable_if action=reinterpret pc=0x000002575ab986e4 method=java.lang.String.regionMatches(ZILjava/lang/String;II)Z @ 123
Event: 2.891 Thread 0x0000025773062800 Uncommon trap: reason=unstable_if action=reinterpret pc=0x000002575ad40a04 method=java.lang.ClassLoader.getClassLoadingLock(Ljava/lang/String;)Ljava/lang/Object; @ 6
Event: 2.913 Thread 0x0000025773062800 Uncommon trap: reason=bimorphic action=maybe_recompile pc=0x000002575ad15aa4 method=java.io.BufferedInputStream.read([BII)I @ 101
Event: 2.913 Thread 0x0000025773062800 Uncommon trap: reason=bimorphic action=maybe_recompile pc=0x000002575ad15aa4 method=java.io.BufferedInputStream.read([BII)I @ 101
Event: 2.913 Thread 0x0000025773062800 Uncommon trap: reason=bimorphic action=maybe_recompile pc=0x000002575ad15aa4 method=java.io.BufferedInputStream.read([BII)I @ 101
Event: 2.914 Thread 0x0000025773062800 Uncommon trap: reason=bimorphic action=maybe_recompile pc=0x000002575ad15aa4 method=java.io.BufferedInputStream.read([BII)I @ 101
Event: 3.428 Thread 0x0000025773062800 Uncommon trap: reason=range_check action=make_not_entrant pc=0x000002575b07c6fc method=java.lang.String.charAt(I)C @ 27

Classes redefined (0 events):
No events

Internal exceptions (10 events):
Event: 3.319 Thread 0x0000025773062800 Exception <a 'java/lang/NoSuchMethodError': java.lang.Object.lambda$static$0(Lorg/gradle/api/internal/artifacts/configurations/MutationValidator$MutationType;)V> (0x00000000d8eb7f30) thrown at [C:\jenkins\workspace\8-2-build-windows-amd64-cygwin\jdk8u291\
Event: 3.346 Thread 0x0000025773062800 Exception <a 'java/lang/NoSuchMethodError': java.lang.Object.lambda$static$0(Lorg/gradle/internal/component/model/DependencyMetadata;)Lorg/gradle/api/internal/artifacts/ivyservice/dependencysubstitution/DependencySubstitutionApplicator$SubstitutionResult;
Event: 3.383 Thread 0x0000025773062800 Exception <a 'java/lang/IncompatibleClassChangeError': Found class java.lang.Object, but interface was expected> (0x00000000d59cea50) thrown at [C:\jenkins\workspace\8-2-build-windows-amd64-cygwin\jdk8u291\1294\hotspot\src\share\vm\interpreter\linkResolve
Event: 3.384 Thread 0x0000025773062800 Exception <a 'java/lang/NoSuchMethodError': java.lang.Object.lambda$thenComparing$36697e65$1(Ljava/util/Comparator;Ljava/lang/Object;Ljava/lang/Object;)I> (0x00000000d59da500) thrown at [C:\jenkins\workspace\8-2-build-windows-amd64-cygwin\jdk8u291\1294\ho
Event: 3.413 Thread 0x0000025773062800 Exception <a 'java/lang/NoSuchMethodError': java.lang.Object.lambda$static$0(Lorg/gradle/api/internal/artifacts/ivyservice/resolveengine/artifact/ArtifactVisitor;)V> (0x00000000d5f3f0c8) thrown at [C:\jenkins\workspace\8-2-build-windows-amd64-cygwin\jdk8u
Event: 3.424 Thread 0x0000025773062800 Exception <a 'java/lang/NoSuchMethodError': java.lang.Object.lambda$static$0()Z> (0x00000000d615c460) thrown at [C:\jenkins\workspace\8-2-build-windows-amd64-cygwin\jdk8u291\1294\hotspot\src\share\vm\interpreter\linkResolver.cpp, line 620]
Event: 3.454 Thread 0x0000025772469000 Exception <a 'sun/nio/fs/WindowsException'> (0x00000000d658d4b0) thrown at [C:\jenkins\workspace\8-2-build-windows-amd64-cygwin\jdk8u291\1294\hotspot\src\share\vm\prims\jni.cpp, line 710]
Event: 3.455 Thread 0x0000025772469000 Exception <a 'sun/nio/fs/WindowsException'> (0x00000000d658d868) thrown at [C:\jenkins\workspace\8-2-build-windows-amd64-cygwin\jdk8u291\1294\hotspot\src\share\vm\prims\jni.cpp, line 710]
Event: 3.460 Thread 0x0000025773062800 Exception <a 'java/lang/ClassNotFoundException': sync_studio_tooling3849_144qb7acvfbtqfylqka9nmirtBeanInfo> (0x00000000d64a6988) thrown at [C:\jenkins\workspace\8-2-build-windows-amd64-cygwin\jdk8u291\1294\hotspot\src\share\vm\classfile\systemDictionary.c
Event: 3.461 Thread 0x0000025773062800 Exception <a 'java/lang/ClassNotFoundException': sync_studio_tooling3849_144qb7acvfbtqfylqka9nmirtCustomizer> (0x00000000d64b6278) thrown at [C:\jenkins\workspace\8-2-build-windows-amd64-cygwin\jdk8u291\1294\hotspot\src\share\vm\classfile\systemDictionary

Events (10 events):
Event: 3.469 loading class groovy/util/BuilderSupport
Event: 3.469 loading class groovy/util/BuilderSupport done
Event: 3.469 loading class org/gradle/normalization/InputNormalizationHandler
Event: 3.469 loading class org/gradle/normalization/InputNormalizationHandler done
Event: 3.469 loading class org/gradle/api/component/SoftwareComponentContainer
Event: 3.469 loading class org/gradle/api/component/SoftwareComponentContainer done
Event: 3.470 Thread 0x0000025773062800 DEOPT PACKING pc=0x000002575ae58ed9 sp=0x000000fd2c2fa140
Event: 3.470 Thread 0x0000025773062800 DEOPT UNPACKING pc=0x000002575a6b7498 sp=0x000000fd2c2f9e60 mode 0
Event: 3.470 Thread 0x0000025773062800 DEOPT PACKING pc=0x000002575ae58ed9 sp=0x000000fd2c2fa140
Event: 3.470 Thread 0x0000025773062800 DEOPT UNPACKING pc=0x000002575a6b7498 sp=0x000000fd2c2f9e60 mode 0


Dynamic libraries:
0x00007ff786c10000 - 0x00007ff786c57000 	C:\Program Files\Java\jdk1.8.0_291\bin\java.exe
0x00007ffe66590000 - 0x00007ffe66785000 	C:\WINDOWS\SYSTEM32\ntdll.dll
0x00007ffe65870000 - 0x00007ffe6592d000 	C:\WINDOWS\System32\KERNEL32.DLL
0x00007ffe63cd0000 - 0x00007ffe63f98000 	C:\WINDOWS\System32\KERNELBASE.dll
0x00007ffe65030000 - 0x00007ffe650dc000 	C:\WINDOWS\System32\ADVAPI32.dll
0x00007ffe64f90000 - 0x00007ffe6502e000 	C:\WINDOWS\System32\msvcrt.dll
0x00007ffe650e0000 - 0x00007ffe6517b000 	C:\WINDOWS\System32\sechost.dll
0x00007ffe65390000 - 0x00007ffe654bb000 	C:\WINDOWS\System32\RPCRT4.dll
0x00007ffe645f0000 - 0x00007ffe64790000 	C:\WINDOWS\System32\USER32.dll
0x00007ffe644b0000 - 0x00007ffe644d2000 	C:\WINDOWS\System32\win32u.dll
0x00007ffe654c0000 - 0x00007ffe654ea000 	C:\WINDOWS\System32\GDI32.dll
0x00007ffe644e0000 - 0x00007ffe645eb000 	C:\WINDOWS\System32\gdi32full.dll
0x00007ffe64410000 - 0x00007ffe644ad000 	C:\WINDOWS\System32\msvcp_win.dll
0x00007ffe64210000 - 0x00007ffe64310000 	C:\WINDOWS\System32\ucrtbase.dll
0x00007ffe54410000 - 0x00007ffe546aa000 	C:\WINDOWS\WinSxS\amd64_microsoft.windows.common-controls_6595b64144ccf1df_6.0.19041.844_none_ca00b6081b84eb1d\COMCTL32.dll
0x00007ffe65ae0000 - 0x00007ffe65b10000 	C:\WINDOWS\System32\IMM32.DLL
0x00007ffe4dd50000 - 0x00007ffe4dd65000 	C:\Program Files\Java\jdk1.8.0_291\jre\bin\vcruntime140.dll
0x00007ffe3e190000 - 0x00007ffe3e22b000 	C:\Program Files\Java\jdk1.8.0_291\jre\bin\msvcp140.dll
0x0000000074050000 - 0x00000000748b0000 	C:\Program Files\Java\jdk1.8.0_291\jre\bin\server\jvm.dll
0x00007ffe659e0000 - 0x00007ffe659e8000 	C:\WINDOWS\System32\PSAPI.DLL
0x00007ffe5dff0000 - 0x00007ffe5dffa000 	C:\WINDOWS\SYSTEM32\VERSION.dll
0x00007ffe5b530000 - 0x00007ffe5b557000 	C:\WINDOWS\SYSTEM32\WINMM.dll
0x00007ffe5f8f0000 - 0x00007ffe5f8f9000 	C:\WINDOWS\SYSTEM32\WSOCK32.dll
0x00007ffe65a70000 - 0x00007ffe65adb000 	C:\WINDOWS\System32\WS2_32.dll
0x00007ffe61c30000 - 0x00007ffe61c42000 	C:\WINDOWS\SYSTEM32\kernel.appcore.dll
0x00007ffe613a0000 - 0x00007ffe613b0000 	C:\Program Files\Java\jdk1.8.0_291\jre\bin\verify.dll
0x00007ffe4dbe0000 - 0x00007ffe4dc0b000 	C:\Program Files\Java\jdk1.8.0_291\jre\bin\java.dll
0x00007ffe4db40000 - 0x00007ffe4db58000 	C:\Program Files\Java\jdk1.8.0_291\jre\bin\zip.dll
0x00007ffe64840000 - 0x00007ffe64f82000 	C:\WINDOWS\System32\SHELL32.dll
0x00007ffe61e30000 - 0x00007ffe625c0000 	C:\WINDOWS\SYSTEM32\windows.storage.dll
0x00007ffe661f0000 - 0x00007ffe66545000 	C:\WINDOWS\System32\combase.dll
0x00007ffe63740000 - 0x00007ffe6376c000 	C:\WINDOWS\SYSTEM32\Wldp.dll
0x00007ffe64790000 - 0x00007ffe6483e000 	C:\WINDOWS\System32\SHCORE.dll
0x00007ffe65580000 - 0x00007ffe655d5000 	C:\WINDOWS\System32\shlwapi.dll
0x00007ffe63c10000 - 0x00007ffe63c2f000 	C:\WINDOWS\SYSTEM32\profapi.dll
0x00007ffe4da90000 - 0x00007ffe4daac000 	C:\Program Files\Java\jdk1.8.0_291\jre\bin\net.dll
0x00007ffe634b0000 - 0x00007ffe6351a000 	C:\WINDOWS\system32\mswsock.dll
0x00007ffe4d9f0000 - 0x00007ffe4da03000 	C:\Program Files\Java\jdk1.8.0_291\jre\bin\nio.dll
0x00007ffe4da40000 - 0x00007ffe4da67000 	C:\Users\cwm02\.gradle\native\fdc75f09e3144964f2cf3f50f0aa648679c211496f362492102eb8c894070792\windows-amd64\native-platform.dll
0x00007ffe3df10000 - 0x00007ffe3e0a6000 	C:\Users\cwm02\.gradle\native\12488b8bf47d2d4c9fbf2f6322a914ad602e24e48041cd04a747c6da556b65c4\windows-amd64\native-platform-file-events.dll
0x00007ffe591f0000 - 0x00007ffe591fd000 	C:\Program Files\Java\jdk1.8.0_291\jre\bin\management.dll
0x00007ffe63690000 - 0x00007ffe636a8000 	C:\WINDOWS\SYSTEM32\CRYPTSP.dll
0x00007ffe62de0000 - 0x00007ffe62e14000 	C:\WINDOWS\system32\rsaenh.dll
0x00007ffe643e0000 - 0x00007ffe64407000 	C:\WINDOWS\System32\bcrypt.dll
0x00007ffe63bd0000 - 0x00007ffe63bfe000 	C:\WINDOWS\SYSTEM32\USERENV.dll
0x00007ffe64360000 - 0x00007ffe643e0000 	C:\WINDOWS\System32\bcryptprimitives.dll
0x00007ffe63680000 - 0x00007ffe6368c000 	C:\WINDOWS\SYSTEM32\CRYPTBASE.dll
0x00007ffe63150000 - 0x00007ffe6318b000 	C:\WINDOWS\SYSTEM32\IPHLPAPI.DLL
0x00007ffe65790000 - 0x00007ffe65798000 	C:\WINDOWS\System32\NSI.dll
0x00007ffe5d730000 - 0x00007ffe5d747000 	C:\WINDOWS\SYSTEM32\dhcpcsvc6.DLL
0x00007ffe5def0000 - 0x00007ffe5df0d000 	C:\WINDOWS\SYSTEM32\dhcpcsvc.DLL
0x00007ffe631a0000 - 0x00007ffe6326c000 	C:\WINDOWS\SYSTEM32\DNSAPI.dll
0x00007ffe5dfe0000 - 0x00007ffe5dfeb000 	C:\WINDOWS\SYSTEM32\WINNSI.DLL
0x00007ffe53500000 - 0x00007ffe536e4000 	C:\WINDOWS\SYSTEM32\dbghelp.dll

VM Arguments:
jvm_args: -Dfile.encoding=UTF8 -Xmx2048m -Dfile.encoding=UTF-8 -Duser.country=CN -Duser.language=zh -Duser.variant 
java_command: org.gradle.launcher.daemon.bootstrap.GradleDaemon 6.7.1
java_class_path (initial): C:\Users\cwm02\.gradle\wrapper\dists\gradle-6.7.1-bin\bwlcbys1h7rz3272sye1xwiv6\gradle-6.7.1\lib\gradle-launcher-6.7.1.jar
Launcher Type: SUN_STANDARD

Environment Variables:
JAVA_TOOL_OPTIONS=-Dfile.encoding=UTF8
PATH=C:\Program Files\Common Files\Oracle\Java\javapath;C:\Program Files (x86)\Common Files\Oracle\Java\javapath;C:\WINDOWS\system32;C:\WINDOWS;C:\WINDOWS\System32\Wbem;C:\WINDOWS\System32\WindowsPowerShell\v1.0\;C:\WINDOWS\System32\OpenSSH\;C:\Program Files\Git\cmd;D:\androidstudioproject\androidsdk\tools;D:\androidstudioproject\androidsdk\platform-tools;C:\Program Files\PuTTY\;C:\Users\cwm02\AppData\Local\Microsoft\WindowsApps;D:\Program Files (x86)\Fiddler;C:\Users\cwm02\AppData\Local\GitHubDesktop\bin
USERNAME=cwm02
OS=Windows_NT
PROCESSOR_IDENTIFIER=AMD64 Family 23 Model 8 Stepping 2, AuthenticAMD



---------------  S Y S T E M  ---------------

OS: Windows 10.0 , 64 bit Build 19041 (10.0.19041.928)

CPU:total 12 (initial active 12) (12 cores per cpu, 1 threads per core) family 23 model 8 stepping 2, cmov, cx8, fxsr, mmx, sse, sse2, sse3, ssse3, sse4.1, sse4.2, popcnt, avx, avx2, aes, clmul, mmxext, 3dnowpref, lzcnt, sse4a, tsc, tscinvbit, tscinv, bmi1

Memory: 4k page, physical 16724496k(567900k free), swap 27344852k(4088k free)

vm_info: Java HotSpot(TM) 64-Bit Server VM (25.291-b10) for windows-amd64 JRE (1.8.0_291-b10), built on Apr  9 2021 00:02:00 by "java_re" with MS VC++ 15.9 (VS2017)

time: Fri May 28 15:26:51 2021
timezone: 中国标准时间
elapsed time: 3.491673 seconds (0d 0h 0m 3s)

